<?xml version="1.0" encoding="UTF-8"?>
<!-- Generated by org.testng.reporters.JUnitXMLReporter -->
<testsuite ignored="2" hostname="Simeons-MacBook-Pro.local" failures="0" tests="0" time="0.027" errors="0" timestamp="2025-10-13T21:20:38 EEST">
  <testcase classname="SimeonTestingLearning.SeleniumFramework1.ErrorValidationsTest" name="productErrorValidation" time="0.0">
    <ignored/>
  </testcase> <!-- productErrorValidation -->
  <testcase classname="SimeonTestingLearning.SeleniumFramework1.ErrorValidationsTest" name="loginErrorValidation" time="0.0">
    <ignored/>
  </testcase> <!-- loginErrorValidation -->
</testsuite>
