<?xml version="1.0" encoding="UTF-8"?>
<!-- Generated by org.testng.reporters.JUnitXMLReporter -->
<testsuite ignored="2" hostname="Simeons-MacBook-Pro.local" failures="0" tests="0" time="0.032" errors="0" timestamp="2025-10-13T21:20:38 EEST">
  <testcase classname="SimeonTestingLearning.SeleniumFramework1.SubmitOrderTest" name="submitOrder" time="0.0">
    <ignored/>
  </testcase> <!-- submitOrder -->
  <testcase classname="SimeonTestingLearning.SeleniumFramework1.SubmitOrderTest" name="OrderHistoryTest" time="0.0">
    <ignored/>
  </testcase> <!-- OrderHistoryTest -->
</testsuite>
