<?xml version="1.0" encoding="UTF-8"?>
<!-- Generated by org.testng.reporters.JUnitXMLReporter -->
<testsuite ignored="0" hostname="Simeons-MacBook-Pro.local" failures="0" tests="2" name="Error Validations Test" time="36.713" errors="0" timestamp="2025-10-22T17:33:25 EEST">
  <testcase classname="simeongeorgiev.testClasses.ErrorValidationsTest" name="loginErrorValidation" time="1.707"/>
  <testcase classname="simeongeorgiev.testClasses.ErrorValidationsTest" name="productErrorValidation" time="23.972"/>
</testsuite> <!-- Error Validations Test -->
