<?xml version="1.0" encoding="UTF-8"?>
<!-- Generated by org.testng.reporters.JUnitXMLReporter -->
<testsuite ignored="0" hostname="Simeons-MacBook-Pro.local" failures="0" tests="2" name="Error Validations Test" time="36.005" errors="0" timestamp="2025-10-19T00:33:48 EEST">
  <testcase classname="SimeonTestingLearning.SeleniumFramework1.ErrorValidationsTest" name="loginErrorValidation" time="1.323"/>
  <testcase classname="SimeonTestingLearning.SeleniumFramework1.ErrorValidationsTest" name="productErrorValidation" time="24.173"/>
</testsuite> <!-- Error Validations Test -->
