<?xml version="1.0" encoding="UTF-8"?>
<!-- Generated by org.testng.reporters.JUnitXMLReporter -->
<testsuite ignored="0" hostname="Simeons-MacBook-Pro.local" failures="0" tests="3" name="Submit Order Test" time="66.897" errors="0" timestamp="2025-10-22T17:33:54 EEST">
  <testcase classname="simeongeorgiev.testClasses.SubmitOrderTest" name="submitOrder" time="25.892"/>
  <testcase classname="simeongeorgiev.testClasses.SubmitOrderTest" name="submitOrder" time="26.109"/>
  <testcase classname="simeongeorgiev.testClasses.SubmitOrderTest" name="OrderHistoryTest" time="1.302"/>
</testsuite> <!-- Submit Order Test -->
