<?xml version="1.0" encoding="UTF-8"?>
<!-- Generated by org.testng.reporters.JUnitXMLReporter -->
<testsuite ignored="0" hostname="Simeons-MacBook-Pro.local" failures="0" tests="3" name="Submit Order Test" time="65.725" errors="0" timestamp="2025-10-19T00:34:16 EEST">
  <testcase classname="SimeonTestingLearning.SeleniumFramework1.SubmitOrderTest" name="submitOrder" time="25.673"/>
  <testcase classname="SimeonTestingLearning.SeleniumFramework1.SubmitOrderTest" name="submitOrder" time="25.07"/>
  <testcase classname="SimeonTestingLearning.SeleniumFramework1.SubmitOrderTest" name="OrderHistoryTest" time="1.398"/>
</testsuite> <!-- Submit Order Test -->
