<?xml version="1.0" encoding="UTF-8"?>
<testng-results ignored="0" total="1" passed="1" failed="0" skipped="0">
  <reporter-output>
  </reporter-output>
  <suite started-at="2025-10-19T00:38:28 EEST" name="Surefire suite" finished-at="2025-10-19T00:38:58 EEST" duration-ms="30431">
    <groups>
      <group name="cucumber">
        <method signature="AbstractTestNGCucumberTests.runScenario(io.cucumber.testng.PickleWrapper,io.cucumber.testng.FeatureWrapper)[pri:0, instance:cucumber.TestNGTestRunner@65d6b83b]" name="runScenario" class="io.cucumber.testng.AbstractTestNGCucumberTests"/>
      </group> <!-- cucumber -->
    </groups>
    <test started-at="2025-10-19T00:38:28 EEST" name="Surefire test" finished-at="2025-10-19T00:38:58 EEST" duration-ms="30431">
      <class name="cucumber.TestNGTestRunner">
        <test-method is-config="true" signature="setUpClass(org.testng.ITestContext)[pri:0, instance:cucumber.TestNGTestRunner@65d6b83b]" started-at="2025-10-19T00:38:28 EEST" name="setUpClass" finished-at="2025-10-19T00:38:28 EEST" duration-ms="698" status="PASS">
          <params>
            <param index="0">
              <value>
                <![CDATA[org.testng.TestRunner@7c781c42]]>
              </value>
            </param>
          </params>
          <reporter-output>
          </reporter-output>
        </test-method> <!-- setUpClass -->
        <test-method signature="runScenario(io.cucumber.testng.PickleWrapper,io.cucumber.testng.FeatureWrapper)[pri:0, instance:cucumber.TestNGTestRunner@65d6b83b]" started-at="2025-10-19T00:38:28 EEST" name="runScenario" description="Runs Cucumber Scenarios" data-provider="scenarios" finished-at="2025-10-19T00:38:58 EEST" duration-ms="29651" status="PASS">
          <params>
            <param index="0">
              <value>
                <![CDATA["Positive test for placing and order"]]>
              </value>
            </param>
            <param index="1">
              <value>
                <![CDATA["Purchase an order from the eCommerce Website"]]>
              </value>
            </param>
          </params>
          <reporter-output>
          </reporter-output>
        </test-method> <!-- runScenario -->
        <test-method is-config="true" signature="tearDownClass()[pri:0, instance:cucumber.TestNGTestRunner@65d6b83b]" started-at="2025-10-19T00:38:58 EEST" name="tearDownClass" finished-at="2025-10-19T00:38:58 EEST" duration-ms="38" status="PASS">
          <reporter-output>
          </reporter-output>
        </test-method> <!-- tearDownClass -->
      </class> <!-- cucumber.TestNGTestRunner -->
    </test> <!-- Surefire test -->
  </suite> <!-- Surefire suite -->
</testng-results>
